<?xml version="1.0" encoding="UTF-8"?>
<!-- Generated by org.testng.reporters.JUnitXMLReporter -->
<testsuite ignored="0" hostname="DESKTOP-UDECO0U" failures="0" tests="2" name="Gaius Loginpage test" time="20.565" errors="0" timestamp="2022-10-25T21:07:39 IST">
  <testcase classname="com.gaius.console.tests.LoginPageTest" name="verifyLoginPageTitleTest" time="0.036"/>
  <testcase classname="com.gaius.console.tests.LoginPageTest" name="verifyForgotPasswordLinkExistTest" time="0.044"/>
</testsuite> <!-- Gaius Loginpage test -->
