<?xml version="1.0" encoding="UTF-8"?>
<!-- Generated by org.testng.reporters.JUnitXMLReporter -->
<testsuite ignored="0" hostname="DESKTOP-UDECO0U" failures="0" tests="2" name="Gaius Loginpage test" time="18.671" errors="0" timestamp="2022-10-28T19:34:35 IST">
  <testcase classname="com.gaius.console.tests.LoginPageTest" name="verifyLoginPageTitleTest" time="0.745"/>
  <testcase classname="com.gaius.console.tests.LoginPageTest" name="verifyForgotPasswordLinkExistTest" time="0.169"/>
</testsuite> <!-- Gaius Loginpage test -->
