<?xml version="1.0" encoding="UTF-8"?>
<testng-results ignored="0" total="3" passed="3" failed="0" skipped="0">
  <reporter-output>
  </reporter-output>
  <suite started-at="2022-10-28T19:13:29 IST" name="Gaius Console Regression Automation Suite" finished-at="2022-10-28T19:14:01 IST" duration-ms="31722">
    <groups>
    </groups>
    <test started-at="2022-10-28T19:13:29 IST" name="Gaius Loginpage test" finished-at="2022-10-28T19:13:46 IST" duration-ms="17229">
      <class name="com.gaius.console.tests.LoginPageTest">
        <test-method is-config="true" signature="setup()[pri:0, instance:com.gaius.console.tests.LoginPageTest@1583741e]" started-at="2022-10-28T19:13:29 IST" name="setup" finished-at="2022-10-28T19:13:45 IST" duration-ms="16046" status="PASS">
          <reporter-output>
          </reporter-output>
        </test-method> <!-- setup -->
        <test-method signature="verifyLoginPageTitleTest()[pri:1, instance:com.gaius.console.tests.LoginPageTest@1583741e]" started-at="2022-10-28T19:13:45 IST" name="verifyLoginPageTitleTest" finished-at="2022-10-28T19:13:46 IST" duration-ms="808" status="PASS">
          <reporter-output>
          </reporter-output>
        </test-method> <!-- verifyLoginPageTitleTest -->
        <test-method signature="verifyForgotPasswordLinkExistTest()[pri:2, instance:com.gaius.console.tests.LoginPageTest@1583741e]" started-at="2022-10-28T19:13:46 IST" name="verifyForgotPasswordLinkExistTest" finished-at="2022-10-28T19:13:46 IST" duration-ms="159" status="PASS">
          <reporter-output>
          </reporter-output>
        </test-method> <!-- verifyForgotPasswordLinkExistTest -->
        <test-method is-config="true" signature="tearDown()[pri:0, instance:com.gaius.console.tests.LoginPageTest@1583741e]" started-at="2022-10-28T19:13:46 IST" name="tearDown" finished-at="2022-10-28T19:13:46 IST" duration-ms="114" status="PASS">
          <reporter-output>
          </reporter-output>
        </test-method> <!-- tearDown -->
      </class> <!-- com.gaius.console.tests.LoginPageTest -->
    </test> <!-- Gaius Loginpage test -->
    <test started-at="2022-10-28T19:13:47 IST" name="Gaius Homepage test" finished-at="2022-10-28T19:14:01 IST" duration-ms="13626">
      <class name="com.gaius.console.tests.HomePageTest">
        <test-method is-config="true" signature="setup()[pri:0, instance:com.gaius.console.tests.HomePageTest@5c2375a9]" started-at="2022-10-28T19:13:47 IST" name="setup" finished-at="2022-10-28T19:13:55 IST" duration-ms="8355" status="PASS">
          <reporter-output>
          </reporter-output>
        </test-method> <!-- setup -->
        <test-method signature="verifyHomePageTitleTest()[pri:1, instance:com.gaius.console.tests.HomePageTest@5c2375a9]" started-at="2022-10-28T19:13:55 IST" name="verifyHomePageTitleTest" finished-at="2022-10-28T19:14:00 IST" duration-ms="5140" status="PASS">
          <reporter-output>
          </reporter-output>
        </test-method> <!-- verifyHomePageTitleTest -->
        <test-method is-config="true" signature="tearDown()[pri:0, instance:com.gaius.console.tests.HomePageTest@5c2375a9]" started-at="2022-10-28T19:14:00 IST" name="tearDown" finished-at="2022-10-28T19:14:01 IST" duration-ms="126" status="PASS">
          <reporter-output>
          </reporter-output>
        </test-method> <!-- tearDown -->
      </class> <!-- com.gaius.console.tests.HomePageTest -->
    </test> <!-- Gaius Homepage test -->
  </suite> <!-- Gaius Console Regression Automation Suite -->
</testng-results>
