<?xml version="1.0" encoding="UTF-8"?>
<testsuite xmlns:xsi="http://www.w3.org/2001/XMLSchema-instance" xsi:noNamespaceSchemaLocation="https://maven.apache.org/surefire/maven-surefire-plugin/xsd/surefire-test-report-3.0.xsd" version="3.0" name="TestSuite" time="33.68" tests="3" errors="0" skipped="0" failures="0">
  <properties>
[...]
</properties>
  <testcase name="verifyLoginPageTitleTest" classname="com.gaius.console.tests.LoginPageTest" time="0.818">
    <system-out><![CDATA[Test Suite started!
browser name is : safari
verifyLoginPageTitleTest started!
verifyLoginPageTitleTest passed!
]]></system-out>
    <system-err><![CDATA[SLF4J: Failed to load class "org.slf4j.impl.StaticLoggerBinder".
SLF4J: Defaulting to no-operation (NOP) logger implementation
SLF4J: See http://www.slf4j.org/codes.html#StaticLoggerBinder for further details.
]]></system-err>
  </testcase>
  <testcase name="verifyForgotPasswordLinkExistTest" classname="com.gaius.console.tests.LoginPageTest" time="0.159">
    <system-out><![CDATA[verifyForgotPasswordLinkExistTest started!
verifyForgotPasswordLinkExistTest passed!
]]></system-out>
  </testcase>
  <testcase name="verifyHomePageTitleTest" classname="com.gaius.console.tests.HomePageTest" time="5.146">
    <system-out><![CDATA[Test Suite is ending!
Test Suite started!
browser name is : safari
verifyHomePageTitleTest started!
verifyHomePageTitleTest passed!
]]></system-out>
  </testcase>
</testsuite>