<?xml version="1.0" encoding="UTF-8"?>
<testng-results ignored="0" total="3" passed="3" failed="0" skipped="0">
  <reporter-output>
  </reporter-output>
  <suite started-at="2022-10-25T21:07:19 IST" name="Gaius Console Regression Automation Suite" finished-at="2022-10-25T21:08:20 IST" duration-ms="60954">
    <groups>
    </groups>
    <test started-at="2022-10-25T21:07:19 IST" name="Gaius Loginpage test" finished-at="2022-10-25T21:07:39 IST" duration-ms="20565">
      <class name="com.gaius.console.tests.LoginPageTest">
        <test-method is-config="true" signature="setup()[pri:0, instance:com.gaius.console.tests.LoginPageTest@59e32960]" started-at="2022-10-25T21:07:19 IST" name="setup" finished-at="2022-10-25T21:07:39 IST" duration-ms="19998" status="PASS">
          <reporter-output>
          </reporter-output>
        </test-method> <!-- setup -->
        <test-method signature="verifyLoginPageTitleTest()[pri:1, instance:com.gaius.console.tests.LoginPageTest@59e32960]" started-at="2022-10-25T21:07:39 IST" name="verifyLoginPageTitleTest" finished-at="2022-10-25T21:07:39 IST" duration-ms="36" status="PASS">
          <reporter-output>
          </reporter-output>
        </test-method> <!-- verifyLoginPageTitleTest -->
        <test-method signature="verifyForgotPasswordLinkExistTest()[pri:2, instance:com.gaius.console.tests.LoginPageTest@59e32960]" started-at="2022-10-25T21:07:39 IST" name="verifyForgotPasswordLinkExistTest" finished-at="2022-10-25T21:07:39 IST" duration-ms="44" status="PASS">
          <reporter-output>
          </reporter-output>
        </test-method> <!-- verifyForgotPasswordLinkExistTest -->
        <test-method is-config="true" signature="tearDown()[pri:0, instance:com.gaius.console.tests.LoginPageTest@59e32960]" started-at="2022-10-25T21:07:39 IST" name="tearDown" finished-at="2022-10-25T21:07:39 IST" duration-ms="387" status="PASS">
          <reporter-output>
          </reporter-output>
        </test-method> <!-- tearDown -->
      </class> <!-- com.gaius.console.tests.LoginPageTest -->
    </test> <!-- Gaius Loginpage test -->
    <test started-at="2022-10-25T21:07:40 IST" name="Gaius Homepage test" finished-at="2022-10-25T21:08:20 IST" duration-ms="39828">
      <class name="com.gaius.console.tests.HomePageTest">
        <test-method is-config="true" signature="setup()[pri:0, instance:com.gaius.console.tests.HomePageTest@46b61c56]" started-at="2022-10-25T21:07:40 IST" name="setup" finished-at="2022-10-25T21:08:10 IST" duration-ms="30224" status="PASS">
          <reporter-output>
          </reporter-output>
        </test-method> <!-- setup -->
        <test-method signature="verifyHomePageTitleTest()[pri:1, instance:com.gaius.console.tests.HomePageTest@46b61c56]" started-at="2022-10-25T21:08:10 IST" name="verifyHomePageTitleTest" finished-at="2022-10-25T21:08:19 IST" duration-ms="9183" status="PASS">
          <reporter-output>
          </reporter-output>
        </test-method> <!-- verifyHomePageTitleTest -->
        <test-method is-config="true" signature="tearDown()[pri:0, instance:com.gaius.console.tests.HomePageTest@46b61c56]" started-at="2022-10-25T21:08:19 IST" name="tearDown" finished-at="2022-10-25T21:08:20 IST" duration-ms="408" status="PASS">
          <reporter-output>
          </reporter-output>
        </test-method> <!-- tearDown -->
      </class> <!-- com.gaius.console.tests.HomePageTest -->
    </test> <!-- Gaius Homepage test -->
  </suite> <!-- Gaius Console Regression Automation Suite -->
</testng-results>
